<?xml version="1.0" encoding="UTF-8"?>
<!-- Generated by org.testng.reporters.JUnitReportReporter -->
<testsuite hostname="laptop-zss2" failures="0" tests="1" name="testsCases.FileUploadDemo2" time="6.694" errors="0" timestamp="2021-11-24T09:47:50 CET" skipped="0">
  <testcase classname="testsCases.FileUploadDemo2" name="robotTest" time="6.694"/>
  <system-out/>
</testsuite> <!-- testsCases.FileUploadDemo2 -->
